{"topic": "aks.kubeevents.raw", "group_id": "airp-alert-consumer", "auto_offset_reset": "latest", "poll_timeout_seconds": 1.0, "idle_log_seconds": 30, "event": "alert_consumer_started", "level": "info", "timestamp": "2026-05-16T21:58:55.862892Z"}
{"topic": "aks.kubeevents.raw", "group_id": "airp-alert-consumer", "partitions": ["aks.kubeevents.raw[0]@-1001", "aks.kubeevents.raw[1]@-1001", "aks.kubeevents.raw[2]@-1001", "aks.kubeevents.raw[3]@-1001"], "event": "kafka_partitions_assigned", "level": "info", "timestamp": "2026-05-16T21:59:02.606766Z"}
{"topic": "aks.kubeevents.raw", "partition": 3, "offset": 448, "normalized_count": 0, "created_incident_ids": [], "duplicate_count": 0, "event": "alert_message_processed", "level": "info", "timestamp": "2026-05-16T21:59:03.942314Z"}
{"topic": "aks.kubeevents.raw", "partition": 3, "offset": 449, "normalized_count": 1, "created_incident_ids": ["50183903-8b2b-4ce6-a794-7d6350c3170f"], "duplicate_count": 0, "event": "alert_message_processed", "level": "info", "timestamp": "2026-05-16T21:59:09.208832Z"}
{"topic": "aks.kubeevents.raw", "group_id": "airp-alert-consumer", "idle_seconds": 17.5, "empty_polls": 17, "processed_messages": 2, "event": "alert_consumer_polling", "level": "info", "timestamp": "2026-05-16T21:59:26.448800Z"}
{"topic": "aks.kubeevents.raw", "partition": 3, "offset": 450, "normalized_count": 0, "created_incident_ids": [], "duplicate_count": 0, "event": "alert_message_processed", "level": "info", "timestamp": "2026-05-16T21:59:28.286845Z"}
{"topic": "aks.kubeevents.raw", "partition": 3, "offset": 451, "normalized_count": 0, "created_incident_ids": [], "duplicate_count": 0, "event": "alert_message_processed", "level": "info", "timestamp": "2026-05-16T21:59:54.093014Z"}
{"topic": "aks.kubeevents.raw", "group_id": "airp-alert-consumer", "idle_seconds": 3.309, "empty_polls": 3, "processed_messages": 4, "event": "alert_consumer_polling", "level": "info", "timestamp": "2026-05-16T21:59:57.397442Z"}
{"topic": "aks.kubeevents.raw", "group_id": "airp-alert-consumer", "idle_seconds": 33.331, "empty_polls": 33, "processed_messages": 4, "event": "alert_consumer_polling", "level": "info", "timestamp": "2026-05-16T22:00:27.420095Z"}
{"topic": "aks.kubeevents.raw", "partition": 2, "offset": 454, "normalized_count": 0, "created_incident_ids": [], "duplicate_count": 0, "event": "alert_message_processed", "level": "info", "timestamp": "2026-05-16T22:00:32.492707Z"}
{"topic": "aks.kubeevents.raw", "partition": 0, "offset": 452, "normalized_count": 0, "created_incident_ids": [], "duplicate_count": 0, "event": "alert_message_processed", "level": "info", "timestamp": "2026-05-16T22:00:54.407560Z"}
{"topic": "aks.kubeevents.raw", "group_id": "airp-alert-consumer", "idle_seconds": 3.226, "empty_polls": 3, "processed_messages": 6, "event": "alert_consumer_polling", "level": "info", "timestamp": "2026-05-16T22:00:57.630135Z"}
{"topic": "aks.kubeevents.raw", "group_id": "airp-alert-consumer", "idle_seconds": 33.25, "empty_polls": 33, "processed_messages": 6, "event": "alert_consumer_polling", "level": "info", "timestamp": "2026-05-16T22:01:27.654203Z"}
{"topic": "aks.kubeevents.raw", "partition": 0, "offset": 453, "normalized_count": 0, "created_incident_ids": [], "duplicate_count": 0, "event": "alert_message_processed", "level": "info", "timestamp": "2026-05-16T22:01:28.510494Z"}
{"topic": "aks.kubeevents.raw", "partition": 2, "offset": 455, "normalized_count": 0, "created_incident_ids": [], "duplicate_count": 0, "event": "alert_message_processed", "level": "info", "timestamp": "2026-05-16T22:01:52.163894Z"}
{"topic": "aks.kubeevents.raw", "group_id": "airp-alert-consumer", "idle_seconds": 6.231, "empty_polls": 6, "processed_messages": 8, "event": "alert_consumer_polling", "level": "info", "timestamp": "2026-05-16T22:01:58.390309Z"}
{"topic": "aks.kubeevents.raw", "partition": 3, "offset": 452, "normalized_count": 3, "created_incident_ids": ["52bd9385-1b55-4571-9b73-47ce4ddce9f6", "833ef8bc-5efa-410d-80a0-788bdb044f9e", "4fe93506-d2b3-4e46-bf2a-3d2cbda3adb5"], "duplicate_count": 0, "event": "alert_message_processed", "level": "info", "timestamp": "2026-05-16T22:02:06.804420Z"}
{"topic": "aks.kubeevents.raw", "partition": 0, "offset": 454, "normalized_count": 0, "created_incident_ids": [], "duplicate_count": 0, "event": "alert_message_processed", "level": "info", "timestamp": "2026-05-16T22:02:19.403386Z"}
{"topic": "aks.kubeevents.raw", "group_id": "airp-alert-consumer", "idle_seconds": 9.277, "empty_polls": 9, "processed_messages": 10, "event": "alert_consumer_polling", "level": "info", "timestamp": "2026-05-16T22:02:28.676346Z"}
{"topic": "aks.kubeevents.raw", "partition": 0, "offset": 455, "normalized_count": 0, "created_incident_ids": [], "duplicate_count": 0, "event": "alert_message_processed", "level": "info", "timestamp": "2026-05-16T22:02:32.144908Z"}
{"topic": "aks.kubeevents.raw", "partition": 1, "offset": 452, "normalized_count": 0, "created_incident_ids": [], "duplicate_count": 0, "event": "alert_message_processed", "level": "info", "timestamp": "2026-05-16T22:02:53.653846Z"}
{"topic": "aks.kubeevents.raw", "group_id": "airp-alert-consumer", "idle_seconds": 5.231, "empty_polls": 5, "processed_messages": 12, "event": "alert_consumer_polling", "level": "info", "timestamp": "2026-05-16T22:02:58.882162Z"}
{"topic": "aks.kubeevents.raw", "partition": 1, "offset": 453, "normalized_count": 3, "created_incident_ids": ["5ca7c683-6286-4e74-99d2-0bb0ca6fc186", "bb5f3d76-a660-4619-b7e2-621aa579b24f", "40c95906-7fd6-47be-adeb-072c5e1764af"], "duplicate_count": 0, "event": "alert_message_processed", "level": "info", "timestamp": "2026-05-16T22:03:03.708531Z"}
{"topic": "aks.kubeevents.raw", "group_id": "airp-alert-consumer", "idle_seconds": 25.423, "empty_polls": 25, "processed_messages": 13, "event": "alert_consumer_polling", "level": "info", "timestamp": "2026-05-16T22:03:28.957926Z"}
{"topic": "aks.kubeevents.raw", "partition": 0, "offset": 456, "normalized_count": 0, "created_incident_ids": [], "duplicate_count": 0, "event": "alert_message_processed", "level": "info", "timestamp": "2026-05-16T22:03:30.523598Z"}
{"topic": "aks.kubeevents.raw", "partition": 1, "offset": 454, "normalized_count": 0, "created_incident_ids": [], "duplicate_count": 0, "event": "alert_message_processed", "level": "info", "timestamp": "2026-05-16T22:03:51.974699Z"}
{"topic": "aks.kubeevents.raw", "group_id": "airp-alert-consumer", "idle_seconds": 7.235, "empty_polls": 7, "processed_messages": 15, "event": "alert_consumer_polling", "level": "info", "timestamp": "2026-05-16T22:03:59.206710Z"}
{"topic": "aks.kubeevents.raw", "partition": 3, "offset": 453, "normalized_count": 1, "created_incident_ids": ["858099af-b914-4c71-b2c6-ebf579fe8174"], "duplicate_count": 0, "event": "alert_message_processed", "level": "info", "timestamp": "2026-05-16T22:04:04.295715Z"}
{"topic": "aks.kubeevents.raw", "group_id": "airp-alert-consumer", "idle_seconds": 25.489, "empty_polls": 25, "processed_messages": 16, "event": "alert_consumer_polling", "level": "info", "timestamp": "2026-05-16T22:04:29.740603Z"}
{"topic": "aks.kubeevents.raw", "partition": 3, "offset": 454, "normalized_count": 0, "created_incident_ids": [], "duplicate_count": 0, "event": "alert_message_processed", "level": "info", "timestamp": "2026-05-16T22:04:31.960974Z"}
{"topic": "aks.kubeevents.raw", "partition": 2, "offset": 456, "normalized_count": 0, "created_incident_ids": [], "duplicate_count": 0, "event": "alert_message_processed", "level": "info", "timestamp": "2026-05-16T22:04:53.776248Z"}
{"topic": "aks.kubeevents.raw", "group_id": "airp-alert-consumer", "idle_seconds": 6.23, "empty_polls": 6, "processed_messages": 18, "event": "alert_consumer_polling", "level": "info", "timestamp": "2026-05-16T22:05:00.003095Z"}
{"topic": "aks.kubeevents.raw", "partition": 0, "offset": 457, "normalized_count": 3, "created_incident_ids": ["67f5650c-d942-42a3-942d-53884473c39b", "5c8baae5-678c-446b-8b92-fb5335a3ada0", "dd0f4de8-3e9c-4079-b1d5-1bf2359ae614"], "duplicate_count": 0, "event": "alert_message_processed", "level": "info", "timestamp": "2026-05-16T22:05:03.785955Z"}
{"topic": "aks.kubeevents.raw", "partition": 0, "offset": 458, "normalized_count": 0, "created_incident_ids": [], "duplicate_count": 0, "event": "alert_message_processed", "level": "info", "timestamp": "2026-05-16T22:05:28.971340Z"}
{"topic": "aks.kubeevents.raw", "group_id": "airp-alert-consumer", "idle_seconds": 1.287, "empty_polls": 1, "processed_messages": 20, "event": "alert_consumer_polling", "level": "info", "timestamp": "2026-05-16T22:05:30.254962Z"}
{"topic": "aks.kubeevents.raw", "partition": 3, "offset": 455, "normalized_count": 0, "created_incident_ids": [], "duplicate_count": 0, "event": "alert_message_processed", "level": "info", "timestamp": "2026-05-16T22:05:58.745427Z"}
{"topic": "aks.kubeevents.raw", "group_id": "airp-alert-consumer", "idle_seconds": 2.236, "empty_polls": 2, "processed_messages": 21, "event": "alert_consumer_polling", "level": "info", "timestamp": "2026-05-16T22:06:00.977335Z"}
{"topic": "aks.kubeevents.raw", "partition": 3, "offset": 456, "normalized_count": 1, "created_incident_ids": ["96dac58b-1c81-4d57-82d0-e734cdb0b9d0"], "duplicate_count": 0, "event": "alert_message_processed", "level": "info", "timestamp": "2026-05-16T22:06:05.974363Z"}
{"topic": "aks.kubeevents.raw", "group_id": "airp-alert-consumer", "idle_seconds": 25.329, "empty_polls": 25, "processed_messages": 22, "event": "alert_consumer_polling", "level": "info", "timestamp": "2026-05-16T22:06:31.245025Z"}
{"topic": "aks.kubeevents.raw", "partition": 2, "offset": 457, "normalized_count": 0, "created_incident_ids": [], "duplicate_count": 0, "event": "alert_message_processed", "level": "info", "timestamp": "2026-05-16T22:06:33.946268Z"}
{"topic": "aks.kubeevents.raw", "partition": 3, "offset": 457, "normalized_count": 0, "created_incident_ids": [], "duplicate_count": 0, "event": "alert_message_processed", "level": "info", "timestamp": "2026-05-16T22:06:53.435420Z"}
{"topic": "aks.kubeevents.raw", "group_id": "airp-alert-consumer", "idle_seconds": 8.233, "empty_polls": 8, "processed_messages": 24, "event": "alert_consumer_polling", "level": "info", "timestamp": "2026-05-16T22:07:01.665136Z"}
{"topic": "aks.kubeevents.raw", "partition": 2, "offset": 458, "normalized_count": 3, "created_incident_ids": ["7b7d1cb7-59af-4fc0-8355-1987cdbb6ba0", "bcd18062-b6b1-4bf7-99a2-04be3b8c9fa3", "5c2712fd-da7a-400d-b5c2-d11ecf23c05b"], "duplicate_count": 0, "event": "alert_message_processed", "level": "info", "timestamp": "2026-05-16T22:07:03.406640Z"}
{"topic": "aks.kubeevents.raw", "partition": 0, "offset": 459, "normalized_count": 0, "created_incident_ids": [], "duplicate_count": 0, "event": "alert_message_processed", "level": "info", "timestamp": "2026-05-16T22:07:28.149453Z"}
{"topic": "aks.kubeevents.raw", "group_id": "airp-alert-consumer", "idle_seconds": 4.232, "empty_polls": 4, "processed_messages": 26, "event": "alert_consumer_polling", "level": "info", "timestamp": "2026-05-16T22:07:32.377114Z"}
{"topic": "aks.kubeevents.raw", "partition": 1, "offset": 455, "normalized_count": 0, "created_incident_ids": [], "duplicate_count": 0, "event": "alert_message_processed", "level": "info", "timestamp": "2026-05-16T22:07:56.403947Z"}
{"topic": "aks.kubeevents.raw", "group_id": "airp-alert-consumer", "idle_seconds": 6.234, "empty_polls": 6, "processed_messages": 27, "event": "alert_consumer_polling", "level": "info", "timestamp": "2026-05-16T22:08:02.632398Z"}
{"topic": "aks.kubeevents.raw", "partition": 0, "offset": 460, "normalized_count": 3, "created_incident_ids": ["eb65d1e1-4852-4ef5-9216-d44c75793d91", "349912fd-acaf-453d-a4a7-0add9f4ce91b", "63cd13aa-e21d-46b2-8411-8a1e2869154c"], "duplicate_count": 0, "event": "alert_message_processed", "level": "info", "timestamp": "2026-05-16T22:08:06.155361Z"}
{"topic": "aks.kubeevents.raw", "partition": 2, "offset": 459, "normalized_count": 0, "created_incident_ids": [], "duplicate_count": 0, "event": "alert_message_processed", "level": "info", "timestamp": "2026-05-16T22:08:28.571081Z"}
{"topic": "aks.kubeevents.raw", "group_id": "airp-alert-consumer", "idle_seconds": 4.235, "empty_polls": 4, "processed_messages": 29, "event": "alert_consumer_polling", "level": "info", "timestamp": "2026-05-16T22:08:32.801543Z"}
{"topic": "aks.kubeevents.raw", "partition": 2, "offset": 460, "normalized_count": 0, "created_incident_ids": [], "duplicate_count": 0, "event": "alert_message_processed", "level": "info", "timestamp": "2026-05-16T22:08:55.296686Z"}
{"topic": "aks.kubeevents.raw", "group_id": "airp-alert-consumer", "idle_seconds": 8.239, "empty_polls": 8, "processed_messages": 30, "event": "alert_consumer_polling", "level": "info", "timestamp": "2026-05-16T22:09:03.530484Z"}
{"topic": "aks.kubeevents.raw", "partition": 2, "offset": 461, "normalized_count": 1, "created_incident_ids": ["b869f76f-b5e9-4563-ade7-e4d349e10805"], "duplicate_count": 0, "event": "alert_message_processed", "level": "info", "timestamp": "2026-05-16T22:09:07.187880Z"}
{"topic": "aks.kubeevents.raw", "partition": 1, "offset": 456, "normalized_count": 0, "created_incident_ids": [], "duplicate_count": 0, "event": "alert_message_processed", "level": "info", "timestamp": "2026-05-16T22:09:14.927892Z"}
{"topic": "aks.kubeevents.raw", "partition": 1, "offset": 457, "normalized_count": 0, "created_incident_ids": [], "duplicate_count": 0, "event": "alert_message_processed", "level": "info", "timestamp": "2026-05-16T22:09:31.342329Z"}
{"topic": "aks.kubeevents.raw", "group_id": "airp-alert-consumer", "idle_seconds": 2.231, "empty_polls": 2, "processed_messages": 33, "event": "alert_consumer_polling", "level": "info", "timestamp": "2026-05-16T22:09:33.569077Z"}
{"topic": "aks.kubeevents.raw", "partition": 3, "offset": 458, "normalized_count": 0, "created_incident_ids": [], "duplicate_count": 0, "event": "alert_message_processed", "level": "info", "timestamp": "2026-05-16T22:09:55.714401Z"}
{"topic": "aks.kubeevents.raw", "group_id": "airp-alert-consumer", "idle_seconds": 8.235, "empty_polls": 8, "processed_messages": 34, "event": "alert_consumer_polling", "level": "info", "timestamp": "2026-05-16T22:10:03.944846Z"}
{"topic": "aks.kubeevents.raw", "partition": 2, "offset": 462, "normalized_count": 3, "created_incident_ids": ["af2e4aaa-c119-4401-ab23-948cb7676295", "856fda6a-a5e8-4ddd-8f88-b2226e688c8a", "c652a4e6-945e-459c-8b64-7be28567cdae"], "duplicate_count": 0, "event": "alert_message_processed", "level": "info", "timestamp": "2026-05-16T22:10:07.149541Z"}
{"topic": "aks.kubeevents.raw", "partition": 0, "offset": 461, "normalized_count": 0, "created_incident_ids": [], "duplicate_count": 0, "event": "alert_message_processed", "level": "info", "timestamp": "2026-05-16T22:10:28.738721Z"}
{"topic": "aks.kubeevents.raw", "group_id": "airp-alert-consumer", "idle_seconds": 5.234, "empty_polls": 5, "processed_messages": 36, "event": "alert_consumer_polling", "level": "info", "timestamp": "2026-05-16T22:10:33.969278Z"}
{"topic": "aks.kubeevents.raw", "partition": 0, "offset": 462, "normalized_count": 0, "created_incident_ids": [], "duplicate_count": 0, "event": "alert_message_processed", "level": "info", "timestamp": "2026-05-16T22:10:54.538518Z"}
{"topic": "aks.kubeevents.raw", "group_id": "airp-alert-consumer", "idle_seconds": 10.24, "empty_polls": 10, "processed_messages": 37, "event": "alert_consumer_polling", "level": "info", "timestamp": "2026-05-16T22:11:04.773428Z"}
{"topic": "aks.kubeevents.raw", "partition": 1, "offset": 458, "normalized_count": 1, "created_incident_ids": ["0ccf408c-9a79-469a-bd93-2ef9ff70dae7"], "duplicate_count": 0, "event": "alert_message_processed", "level": "info", "timestamp": "2026-05-16T22:11:05.716418Z"}
{"topic": "aks.kubeevents.raw", "partition": 1, "offset": 459, "normalized_count": 0, "created_incident_ids": [], "duplicate_count": 0, "event": "alert_message_processed", "level": "info", "timestamp": "2026-05-16T22:11:29.518601Z"}
{"topic": "aks.kubeevents.raw", "group_id": "airp-alert-consumer", "idle_seconds": 6.24, "empty_polls": 6, "processed_messages": 39, "event": "alert_consumer_polling", "level": "info", "timestamp": "2026-05-16T22:11:35.749639Z"}
{"topic": "aks.kubeevents.raw", "partition": 0, "offset": 463, "normalized_count": 0, "created_incident_ids": [], "duplicate_count": 0, "event": "alert_message_processed", "level": "info", "timestamp": "2026-05-16T22:12:05.046513Z"}
{"topic": "aks.kubeevents.raw", "partition": 2, "offset": 463, "normalized_count": 1, "created_incident_ids": ["7a57eebd-df50-49a5-8b03-f60842c62888"], "duplicate_count": 0, "event": "alert_message_processed", "level": "info", "timestamp": "2026-05-16T22:12:05.772957Z"}
{"topic": "aks.kubeevents.raw", "group_id": "airp-alert-consumer", "idle_seconds": 1.282, "empty_polls": 1, "processed_messages": 41, "event": "alert_consumer_polling", "level": "info", "timestamp": "2026-05-16T22:12:06.995118Z"}
{"topic": "aks.kubeevents.raw", "partition": 3, "offset": 459, "normalized_count": 0, "created_incident_ids": [], "duplicate_count": 0, "event": "alert_message_processed", "level": "info", "timestamp": "2026-05-16T22:12:17.743271Z"}
{"topic": "aks.kubeevents.raw", "partition": 0, "offset": 464, "normalized_count": 0, "created_incident_ids": [], "duplicate_count": 0, "event": "alert_message_processed", "level": "info", "timestamp": "2026-05-16T22:12:26.962705Z"}
{"topic": "aks.kubeevents.raw", "group_id": "airp-alert-consumer", "idle_seconds": 10.245, "empty_polls": 10, "processed_messages": 43, "event": "alert_consumer_polling", "level": "info", "timestamp": "2026-05-16T22:12:37.204523Z"}
{"topic": "aks.kubeevents.raw", "partition": 3, "offset": 460, "normalized_count": 0, "created_incident_ids": [], "duplicate_count": 0, "event": "alert_message_processed", "level": "info", "timestamp": "2026-05-16T22:13:06.408278Z"}
{"topic": "aks.kubeevents.raw", "group_id": "airp-alert-consumer", "idle_seconds": 1.228, "empty_polls": 1, "processed_messages": 44, "event": "alert_consumer_polling", "level": "info", "timestamp": "2026-05-16T22:13:07.631706Z"}
{"topic": "aks.kubeevents.raw", "partition": 2, "offset": 464, "normalized_count": 0, "created_incident_ids": [], "duplicate_count": 0, "event": "alert_message_processed", "level": "info", "timestamp": "2026-05-16T22:13:28.698193Z"}
{"topic": "aks.kubeevents.raw", "group_id": "airp-alert-consumer", "idle_seconds": 9.262, "empty_polls": 9, "processed_messages": 45, "event": "alert_consumer_polling", "level": "info", "timestamp": "2026-05-16T22:13:37.952944Z"}
{"topic": "aks.kubeevents.raw", "partition": 2, "offset": 465, "normalized_count": 0, "created_incident_ids": [], "duplicate_count": 0, "event": "alert_message_processed", "level": "info", "timestamp": "2026-05-16T22:13:50.932107Z"}
{"topic": "aks.kubeevents.raw", "partition": 1, "offset": 460, "normalized_count": 3, "created_incident_ids": ["22515c64-74a9-4439-afd8-f334ddd1ec5d", "20cf0530-f5a4-4d38-9ffe-6e340b39f80b", "70fa9e22-dde5-4ca9-931d-22036d4c660f"], "duplicate_count": 0, "event": "alert_message_processed", "level": "info", "timestamp": "2026-05-16T22:14:04.158061Z"}
{"topic": "aks.kubeevents.raw", "group_id": "airp-alert-consumer", "idle_seconds": 4.379, "empty_polls": 4, "processed_messages": 47, "event": "alert_consumer_polling", "level": "info", "timestamp": "2026-05-16T22:14:08.396249Z"}
{"topic": "aks.kubeevents.raw", "partition": 3, "offset": 461, "normalized_count": 0, "created_incident_ids": [], "duplicate_count": 0, "event": "alert_message_processed", "level": "info", "timestamp": "2026-05-16T22:14:30.973059Z"}
